Copyright 1986-2021 Xilinx, Inc. All Rights Reserved.
-----------------------------------------------------------------------------------------------------------------------------------------------
| Tool Version : Vivado v.2021.2 (win64) Build 3367213 Tue Oct 19 02:48:09 MDT 2021
| Date         : Sun Oct  9 22:47:46 2022
| Host         : DESKTOP-0B2493G running 64-bit major release  (build 9200)
| Command      : report_methodology -file FPU_methodology_drc_routed.rpt -pb FPU_methodology_drc_routed.pb -rpx FPU_methodology_drc_routed.rpx
| Design       : FPU
| Device       : xc7a35tcpg236-1
| Speed File   : -1
| Design State : Fully Routed
-----------------------------------------------------------------------------------------------------------------------------------------------

Report Methodology

Table of Contents
-----------------
1. REPORT SUMMARY
2. REPORT DETAILS

1. REPORT SUMMARY
-----------------
            Netlist: netlist
          Floorplan: design_1
      Design limits: <entire design considered>
             Max violations: <unlimited>
             Violations found: 10
+-----------+----------+-------------------+------------+
| Rule      | Severity | Description       | Violations |
+-----------+----------+-------------------+------------+
| TIMING-20 | Warning  | Non-clocked latch | 10         |
+-----------+----------+-------------------+------------+

2. REPORT DETAILS
-----------------
TIMING-20#1 Warning
Non-clocked latch  
The latch flag_out_reg cannot be properly analyzed as its control pin flag_out_reg/G is not reached by a timing clock
Related violations: <none>

TIMING-20#2 Warning
Non-clocked latch  
The latch manti_out_reg[0] cannot be properly analyzed as its control pin manti_out_reg[0]/G is not reached by a timing clock
Related violations: <none>

TIMING-20#3 Warning
Non-clocked latch  
The latch manti_out_reg[1] cannot be properly analyzed as its control pin manti_out_reg[1]/G is not reached by a timing clock
Related violations: <none>

TIMING-20#4 Warning
Non-clocked latch  
The latch manti_out_reg[2] cannot be properly analyzed as its control pin manti_out_reg[2]/G is not reached by a timing clock
Related violations: <none>

TIMING-20#5 Warning
Non-clocked latch  
The latch manti_out_reg[3] cannot be properly analyzed as its control pin manti_out_reg[3]/G is not reached by a timing clock
Related violations: <none>

TIMING-20#6 Warning
Non-clocked latch  
The latch manti_out_reg[4] cannot be properly analyzed as its control pin manti_out_reg[4]/G is not reached by a timing clock
Related violations: <none>

TIMING-20#7 Warning
Non-clocked latch  
The latch manti_out_reg[5] cannot be properly analyzed as its control pin manti_out_reg[5]/G is not reached by a timing clock
Related violations: <none>

TIMING-20#8 Warning
Non-clocked latch  
The latch manti_out_reg[6] cannot be properly analyzed as its control pin manti_out_reg[6]/G is not reached by a timing clock
Related violations: <none>

TIMING-20#9 Warning
Non-clocked latch  
The latch manti_out_reg[7] cannot be properly analyzed as its control pin manti_out_reg[7]/G is not reached by a timing clock
Related violations: <none>

TIMING-20#10 Warning
Non-clocked latch  
The latch manti_out_reg[8] cannot be properly analyzed as its control pin manti_out_reg[8]/G is not reached by a timing clock
Related violations: <none>


